<?xml version="1.0" encoding="UTF-8"?>
<testng-results ignored="0" total="3" passed="3" failed="0" skipped="0">
  <reporter-output>
  </reporter-output>
  <suite started-at="2025-04-07T23:08:58 IST" name="Suite" finished-at="2025-04-07T23:09:54 IST" duration-ms="56330">
    <groups>
      <group name="cucumber">
        <method signature="AbstractTestNGCucumberTests.runScenario(io.cucumber.testng.PickleWrapper,io.cucumber.testng.FeatureWrapper)[pri:0, instance:com.Runner.RunnerTestNG@33990a0c]" name="runScenario" class="io.cucumber.testng.AbstractTestNGCucumberTests"/>
      </group> <!-- cucumber -->
    </groups>
    <test started-at="2025-04-07T23:08:58 IST" name="Test" finished-at="2025-04-07T23:09:54 IST" duration-ms="56330">
      <class name="com.Runner.RunnerTestNG">
        <test-method is-config="true" signature="setUpClass(org.testng.ITestContext)[pri:0, instance:com.Runner.RunnerTestNG@33990a0c]" started-at="2025-04-07T23:08:58 IST" name="setUpClass" finished-at="2025-04-07T23:08:58 IST" duration-ms="631" status="PASS">
          <params>
            <param index="0">
              <value>
                <![CDATA[org.testng.TestRunner@4e0802e0]]>
              </value>
            </param>
          </params>
          <reporter-output>
          </reporter-output>
        </test-method> <!-- setUpClass -->
        <test-method signature="runScenario(io.cucumber.testng.PickleWrapper,io.cucumber.testng.FeatureWrapper)[pri:0, instance:com.Runner.RunnerTestNG@33990a0c]" started-at="2025-04-07T23:08:59 IST" name="runScenario" description="Runs Cucumber Scenarios" data-provider="scenarios" finished-at="2025-04-07T23:09:09 IST" duration-ms="10373" status="PASS">
          <params>
            <param index="0">
              <value>
                <![CDATA["Login with valid credentials"]]>
              </value>
            </param>
            <param index="1">
              <value>
                <![CDATA["Login into the DemoWebShop WebSite"]]>
              </value>
            </param>
          </params>
          <reporter-output>
          </reporter-output>
        </test-method> <!-- runScenario -->
        <test-method signature="runScenario(io.cucumber.testng.PickleWrapper,io.cucumber.testng.FeatureWrapper)[pri:0, instance:com.Runner.RunnerTestNG@33990a0c]" started-at="2025-04-07T23:09:09 IST" name="runScenario" description="Runs Cucumber Scenarios" data-provider="scenarios" finished-at="2025-04-07T23:09:18 IST" duration-ms="9233" status="PASS">
          <params>
            <param index="0">
              <value>
                <![CDATA["Login with invalid credentials"]]>
              </value>
            </param>
            <param index="1">
              <value>
                <![CDATA["Login into the DemoWebShop WebSite"]]>
              </value>
            </param>
          </params>
          <reporter-output>
          </reporter-output>
        </test-method> <!-- runScenario -->
        <test-method signature="runScenario(io.cucumber.testng.PickleWrapper,io.cucumber.testng.FeatureWrapper)[pri:0, instance:com.Runner.RunnerTestNG@33990a0c]" started-at="2025-04-07T23:09:18 IST" name="runScenario" description="Runs Cucumber Scenarios" data-provider="scenarios" finished-at="2025-04-07T23:09:53 IST" duration-ms="34552" status="PASS">
          <params>
            <param index="0">
              <value>
                <![CDATA["ordering the computer"]]>
              </value>
            </param>
            <param index="1">
              <value>
                <![CDATA["Purchasing the product"]]>
              </value>
            </param>
          </params>
          <reporter-output>
          </reporter-output>
        </test-method> <!-- runScenario -->
        <test-method is-config="true" signature="tearDownClass()[pri:0, instance:com.Runner.RunnerTestNG@33990a0c]" started-at="2025-04-07T23:09:53 IST" name="tearDownClass" finished-at="2025-04-07T23:09:54 IST" duration-ms="1489" status="PASS">
          <reporter-output>
          </reporter-output>
        </test-method> <!-- tearDownClass -->
      </class> <!-- com.Runner.RunnerTestNG -->
    </test> <!-- Test -->
  </suite> <!-- Suite -->
</testng-results>
